<?xml version="1.0" encoding="UTF-8"?>
<!-- Generated by org.testng.reporters.JUnitXMLReporter -->
<testsuite ignored="0" hostname="lab-44-4" failures="0" tests="17" name="Surefire test" time="0.062" errors="0" timestamp="2023-01-26T14:36:54 CET">
  <testcase classname="JUnitTest.BuildingTest" name="testCalculateArea" time="0.008"/>
  <testcase classname="JUnitTest.BuildingTest" name="testCalculateAreaRaw" time="0.0"/>
  <testcase classname="JUnitTest.BuildingTest" name="testCalculateHeating" time="0.0"/>
  <testcase classname="JUnitTest.BuildingTest" name="testCalculateHeatingRaw" time="0.001"/>
  <testcase classname="JUnitTest.BuildingTest" name="testCalculateLight" time="0.0"/>
  <testcase classname="JUnitTest.BuildingTest" name="testCalculateLightRaw" time="0.0"/>
  <testcase classname="JUnitTest.BuildingTest" name="testCalculateVolume" time="0.001"/>
  <testcase classname="JUnitTest.BuildingTest" name="testCalculateVolumeRaw" time="0.0"/>
  <testcase classname="JUnitTest.FloorTest" name="testCalculateAreRaw" time="0.0"/>
  <testcase classname="JUnitTest.FloorTest" name="testCalculateArea" time="0.001"/>
  <testcase classname="JUnitTest.FloorTest" name="testCalculateHeating" time="0.0"/>
  <testcase classname="JUnitTest.FloorTest" name="testCalculateHeatingRaw" time="0.0"/>
  <testcase classname="JUnitTest.FloorTest" name="testCalculateLighting" time="0.001"/>
  <testcase classname="JUnitTest.FloorTest" name="testCalculateLightingRaw" time="0.0"/>
  <testcase classname="JUnitTest.FloorTest" name="testCalculateVolume" time="0.001"/>
  <testcase classname="JUnitTest.FloorTest" name="testCalculateVolumeRaw" time="0.0"/>
  <testcase classname="JUnitTest.FloorTest" name="testRoomsOverHeatingLimit" time="0.0"/>
</testsuite> <!-- Surefire test -->
