<?xml version="1.0" encoding="UTF-8"?>
<testsuite xmlns:xsi="http://www.w3.org/2001/XMLSchema-instance" xsi:noNamespaceSchemaLocation="https://maven.apache.org/surefire/maven-surefire-plugin/xsd/surefire-test-report.xsd" name="TestSuite" time="10.481" tests="17" errors="0" skipped="0" failures="0">
  <properties>
[...]
</properties>
  <testcase name="testCalculateArea" classname="JUnitTest.BuildingTest" time="0.008"/>
  <testcase name="testCalculateAreaRaw" classname="JUnitTest.BuildingTest" time="0.001"/>
  <testcase name="testCalculateHeating" classname="JUnitTest.BuildingTest" time="0"/>
  <testcase name="testCalculateHeatingRaw" classname="JUnitTest.BuildingTest" time="0.001"/>
  <testcase name="testCalculateLight" classname="JUnitTest.BuildingTest" time="0.001"/>
  <testcase name="testCalculateLightRaw" classname="JUnitTest.BuildingTest" time="0"/>
  <testcase name="testCalculateVolume" classname="JUnitTest.BuildingTest" time="0"/>
  <testcase name="testCalculateVolumeRaw" classname="JUnitTest.BuildingTest" time="0"/>
  <testcase name="testCalculateAreRaw" classname="JUnitTest.FloorTest" time="0"/>
  <testcase name="testCalculateArea" classname="JUnitTest.FloorTest" time="0"/>
  <testcase name="testCalculateHeating" classname="JUnitTest.FloorTest" time="0"/>
  <testcase name="testCalculateHeatingRaw" classname="JUnitTest.FloorTest" time="0"/>
  <testcase name="testCalculateLighting" classname="JUnitTest.FloorTest" time="0"/>
  <testcase name="testCalculateLightingRaw" classname="JUnitTest.FloorTest" time="0"/>
  <testcase name="testCalculateVolume" classname="JUnitTest.FloorTest" time="0"/>
  <testcase name="testCalculateVolumeRaw" classname="JUnitTest.FloorTest" time="0"/>
  <testcase name="testRoomsOverHeatingLimit" classname="JUnitTest.FloorTest" time="0.001"/>
</testsuite>