<?xml version="1.0" encoding="UTF-8"?>
<testng-results ignored="0" total="17" passed="17" failed="0" skipped="0">
  <reporter-output>
  </reporter-output>
  <suite started-at="2023-01-26T14:36:54 CET" name="Surefire suite" finished-at="2023-01-26T14:36:54 CET" duration-ms="62">
    <groups>
    </groups>
    <test started-at="2023-01-26T14:36:54 CET" name="Surefire test" finished-at="2023-01-26T14:36:54 CET" duration-ms="62">
      <class name="JUnitTest.FloorTest">
        <test-method signature="testCalculateAreRaw()[pri:0, instance:JUnitTest.FloorTest@41e36e46]" started-at="2023-01-26T14:36:54 CET" name="testCalculateAreRaw" finished-at="2023-01-26T14:36:54 CET" duration-ms="0" status="PASS">
          <reporter-output>
          </reporter-output>
        </test-method> <!-- testCalculateAreRaw -->
        <test-method signature="testCalculateArea()[pri:0, instance:JUnitTest.FloorTest@41e36e46]" started-at="2023-01-26T14:36:54 CET" name="testCalculateArea" finished-at="2023-01-26T14:36:54 CET" duration-ms="1" status="PASS">
          <reporter-output>
          </reporter-output>
        </test-method> <!-- testCalculateArea -->
        <test-method signature="testCalculateHeating()[pri:0, instance:JUnitTest.FloorTest@41e36e46]" started-at="2023-01-26T14:36:54 CET" name="testCalculateHeating" finished-at="2023-01-26T14:36:54 CET" duration-ms="0" status="PASS">
          <reporter-output>
          </reporter-output>
        </test-method> <!-- testCalculateHeating -->
        <test-method signature="testCalculateLighting()[pri:0, instance:JUnitTest.FloorTest@41e36e46]" started-at="2023-01-26T14:36:54 CET" name="testCalculateLighting" finished-at="2023-01-26T14:36:54 CET" duration-ms="1" status="PASS">
          <reporter-output>
          </reporter-output>
        </test-method> <!-- testCalculateLighting -->
        <test-method signature="testCalculateHeatingRaw()[pri:0, instance:JUnitTest.FloorTest@41e36e46]" started-at="2023-01-26T14:36:54 CET" name="testCalculateHeatingRaw" finished-at="2023-01-26T14:36:54 CET" duration-ms="0" status="PASS">
          <reporter-output>
          </reporter-output>
        </test-method> <!-- testCalculateHeatingRaw -->
        <test-method signature="testCalculateLightingRaw()[pri:0, instance:JUnitTest.FloorTest@41e36e46]" started-at="2023-01-26T14:36:54 CET" name="testCalculateLightingRaw" finished-at="2023-01-26T14:36:54 CET" duration-ms="0" status="PASS">
          <reporter-output>
          </reporter-output>
        </test-method> <!-- testCalculateLightingRaw -->
        <test-method signature="testCalculateVolume()[pri:0, instance:JUnitTest.FloorTest@41e36e46]" started-at="2023-01-26T14:36:54 CET" name="testCalculateVolume" finished-at="2023-01-26T14:36:54 CET" duration-ms="1" status="PASS">
          <reporter-output>
          </reporter-output>
        </test-method> <!-- testCalculateVolume -->
        <test-method signature="testCalculateVolumeRaw()[pri:0, instance:JUnitTest.FloorTest@41e36e46]" started-at="2023-01-26T14:36:54 CET" name="testCalculateVolumeRaw" finished-at="2023-01-26T14:36:54 CET" duration-ms="0" status="PASS">
          <reporter-output>
          </reporter-output>
        </test-method> <!-- testCalculateVolumeRaw -->
        <test-method signature="testRoomsOverHeatingLimit()[pri:0, instance:JUnitTest.FloorTest@41e36e46]" started-at="2023-01-26T14:36:54 CET" name="testRoomsOverHeatingLimit" finished-at="2023-01-26T14:36:54 CET" duration-ms="0" status="PASS">
          <reporter-output>
          </reporter-output>
        </test-method> <!-- testRoomsOverHeatingLimit -->
      </class> <!-- JUnitTest.FloorTest -->
      <class name="JUnitTest.BuildingTest">
        <test-method signature="testCalculateArea()[pri:0, instance:JUnitTest.BuildingTest@636be97c]" started-at="2023-01-26T14:36:54 CET" name="testCalculateArea" finished-at="2023-01-26T14:36:54 CET" duration-ms="8" status="PASS">
          <reporter-output>
          </reporter-output>
        </test-method> <!-- testCalculateArea -->
        <test-method signature="testCalculateAreaRaw()[pri:0, instance:JUnitTest.BuildingTest@636be97c]" started-at="2023-01-26T14:36:54 CET" name="testCalculateAreaRaw" finished-at="2023-01-26T14:36:54 CET" duration-ms="0" status="PASS">
          <reporter-output>
          </reporter-output>
        </test-method> <!-- testCalculateAreaRaw -->
        <test-method signature="testCalculateHeating()[pri:0, instance:JUnitTest.BuildingTest@636be97c]" started-at="2023-01-26T14:36:54 CET" name="testCalculateHeating" finished-at="2023-01-26T14:36:54 CET" duration-ms="0" status="PASS">
          <reporter-output>
          </reporter-output>
        </test-method> <!-- testCalculateHeating -->
        <test-method signature="testCalculateHeatingRaw()[pri:0, instance:JUnitTest.BuildingTest@636be97c]" started-at="2023-01-26T14:36:54 CET" name="testCalculateHeatingRaw" finished-at="2023-01-26T14:36:54 CET" duration-ms="1" status="PASS">
          <reporter-output>
          </reporter-output>
        </test-method> <!-- testCalculateHeatingRaw -->
        <test-method signature="testCalculateLight()[pri:0, instance:JUnitTest.BuildingTest@636be97c]" started-at="2023-01-26T14:36:54 CET" name="testCalculateLight" finished-at="2023-01-26T14:36:54 CET" duration-ms="0" status="PASS">
          <reporter-output>
          </reporter-output>
        </test-method> <!-- testCalculateLight -->
        <test-method signature="testCalculateVolume()[pri:0, instance:JUnitTest.BuildingTest@636be97c]" started-at="2023-01-26T14:36:54 CET" name="testCalculateVolume" finished-at="2023-01-26T14:36:54 CET" duration-ms="1" status="PASS">
          <reporter-output>
          </reporter-output>
        </test-method> <!-- testCalculateVolume -->
        <test-method signature="testCalculateLightRaw()[pri:0, instance:JUnitTest.BuildingTest@636be97c]" started-at="2023-01-26T14:36:54 CET" name="testCalculateLightRaw" finished-at="2023-01-26T14:36:54 CET" duration-ms="0" status="PASS">
          <reporter-output>
          </reporter-output>
        </test-method> <!-- testCalculateLightRaw -->
        <test-method signature="testCalculateVolumeRaw()[pri:0, instance:JUnitTest.BuildingTest@636be97c]" started-at="2023-01-26T14:36:54 CET" name="testCalculateVolumeRaw" finished-at="2023-01-26T14:36:54 CET" duration-ms="0" status="PASS">
          <reporter-output>
          </reporter-output>
        </test-method> <!-- testCalculateVolumeRaw -->
      </class> <!-- JUnitTest.BuildingTest -->
    </test> <!-- Surefire test -->
  </suite> <!-- Surefire suite -->
</testng-results>
